-------------------------------------------------------------------------------
Test set: createCourier.CreateCourierWithNotValidDataTest
-------------------------------------------------------------------------------
Tests run: 5, Failures: 1, Errors: 0, Skipped: 0, Time elapsed: 1.189 s <<< FAILURE! - in createCourier.CreateCourierWithNotValidDataTest
notValidCreateNewCourier[test data: 400 Отсутствует имя](createCourier.CreateCourierWithNotValidDataTest)  Time elapsed: 0.243 s  <<< FAILURE!
java.lang.AssertionError: 
1 expectation failed.
Expected status code <400> but was <201>.

	at createCourier.CreateCourierWithNotValidDataTest.notValidCreateNewCourier(CreateCourierWithNotValidDataTest.java:63)

