-------------------------------------------------------------------------------
Test set: createCourier.CreateCourierWithNotValidDataTest
-------------------------------------------------------------------------------
Tests run: 5, Failures: 1, Errors: 0, Skipped: 0, Time elapsed: 10.488 s <<< FAILURE! - in createCourier.CreateCourierWithNotValidDataTest
notValidCreateNewCourier[Тестовые данные: 400 Недостаточно данных для создания учетной записи model.Courier@35e52059 Отсутствует имя](createCourier.CreateCourierWithNotValidDataTest)  Time elapsed: 1.472 s  <<< FAILURE!
java.lang.AssertionError: 
1 expectation failed.
Expected status code <400> but was <201>.

	at createCourier.CreateCourierWithNotValidDataTest.notValidCreateNewCourier(CreateCourierWithNotValidDataTest.java:57)

