<?xml version="1.0" encoding="UTF-8"?>
<testsuite xmlns:xsi="http://www.w3.org/2001/XMLSchema-instance" xsi:noNamespaceSchemaLocation="https://maven.apache.org/surefire/maven-surefire-plugin/xsd/surefire-test-report.xsd" name="createCourier.CreateCourierWithNotValidDataTest" time="8.863" tests="5" errors="0" skipped="0" failures="1">
  <properties>
[...]
</properties>
  <testcase name="notValidCreateNewCourier[test data: 400 Отсутствует логин]" classname="createCourier.CreateCourierWithNotValidDataTest" time="7.271"/>
  <testcase name="notValidCreateNewCourier[test data: 400 Отсутствует пароль]" classname="createCourier.CreateCourierWithNotValidDataTest" time="0.359"/>
  <testcase name="notValidCreateNewCourier[test data: 400 Отсутствует имя]" classname="createCourier.CreateCourierWithNotValidDataTest" time="0.423">
    <failure message="1 expectation failed.&#10;Expected status code &lt;400&gt; but was &lt;201&gt;.&#10;" type="java.lang.AssertionError"><![CDATA[java.lang.AssertionError: 
1 expectation failed.
Expected status code <400> but was <201>.

	at createCourier.CreateCourierWithNotValidDataTest.notValidCreateNewCourier(CreateCourierWithNotValidDataTest.java:64)
]]></failure>
  </testcase>
  <testcase name="notValidCreateNewCourier[test data: 400 Отсутствует лог/пасс]" classname="createCourier.CreateCourierWithNotValidDataTest" time="0.278"/>
  <testcase name="notValidCreateNewCourier[test data: 400 Отсутствует лог/пасс и имя]" classname="createCourier.CreateCourierWithNotValidDataTest" time="0.268"/>
</testsuite>