<?xml version="1.0" encoding="UTF-8"?>
<testsuite xmlns:xsi="http://www.w3.org/2001/XMLSchema-instance" xsi:noNamespaceSchemaLocation="https://maven.apache.org/surefire/maven-surefire-plugin/xsd/surefire-test-report.xsd" name="createCourier.CreateCourierTest" time="1.206" tests="2" errors="0" skipped="0" failures="1">
  <properties>
[...]
</properties>
  <testcase name="successCreateNewCourier" classname="createCourier.CreateCourierTest" time="0.502"/>
  <testcase name="createNotUniqueCourier" classname="createCourier.CreateCourierTest" time="0.7">
    <failure message="1 expectation failed.&#10;JSON path message doesn&apos;t match.&#10;Expected: Этот логин уже используется&#10;  Actual: Этот логин уже используется. Попробуйте другой.&#10;" type="java.lang.AssertionError">java.lang.AssertionError: 
1 expectation failed.
JSON path message doesn't match.
Expected: Этот логин уже используется
  Actual: Этот логин уже используется. Попробуйте другой.

	at createCourier.CreateCourierTest.createNotUniqueCourier(CreateCourierTest.java:75)
</failure>
  </testcase>
</testsuite>